Using launch settings from /Users/wojciechwiesner/ai/e-taca_new_finalMVP/src/ETaca.API/Properties/launchSettings.json...
Building...
info: Microsoft.Hosting.Lifetime[14]
      Now listening on: http://localhost:8081
info: Microsoft.Hosting.Lifetime[0]
      Application started. Press Ctrl+C to shut down.
info: Microsoft.Hosting.Lifetime[0]
      Hosting environment: Development
info: Microsoft.Hosting.Lifetime[0]
      Content root path: /Users/wojciechwiesner/ai/e-taca_new_finalMVP/src/ETaca.API
warn: Microsoft.AspNetCore.HttpsPolicy.HttpsRedirectionMiddleware[3]
      Failed to determine the https port for redirect.
info: Microsoft.EntityFrameworkCore.Database.Command[20101]
      Executed DbCommand (32ms) [Parameters=[@__dto_Email_0='?'], CommandType='Text', CommandTimeout='30']
      SELECT u."Id", u."CreatedAt", u."Email", u."IsActive", u."LastLoginAt", u."OrganizationId", u."PasswordHash", u."Role", u."UpdatedAt"
      FROM "Users" AS u
      WHERE u."Email" = @__dto_Email_0 AND u."IsActive"
      LIMIT 1
warn: ETaca.API.Controllers.AuthController[0]
      Failed login attempt for email: admin@etaca.pl
